2026-02-19 19:54:50,264 [INFO] ppfl-ncd.centralized: Device: cpu
2026-02-19 19:54:50,264 [INFO] ppfl-ncd.data_prep: Using synthetic data generation
2026-02-19 19:54:50,285 [INFO] ppfl-ncd.data_prep: Generated 25000 synthetic samples
2026-02-19 19:54:50,286 [INFO] ppfl-ncd.data_prep:   Diabetes prevalence:    38.6%
2026-02-19 19:54:50,287 [INFO] ppfl-ncd.data_prep:   Hypertension prevalence:80.2%
2026-02-19 19:54:50,287 [INFO] ppfl-ncd.data_prep:   CVD prevalence:         26.7%
2026-02-19 19:54:50,300 [INFO] ppfl-ncd.data_prep: Generated 25000 synthetic samples
2026-02-19 19:54:50,300 [INFO] ppfl-ncd.data_prep:   Diabetes prevalence:    38.7%
2026-02-19 19:54:50,301 [INFO] ppfl-ncd.data_prep:   Hypertension prevalence:80.3%
2026-02-19 19:54:50,301 [INFO] ppfl-ncd.data_prep:   CVD prevalence:         26.9%
2026-02-19 19:54:50,793 [INFO] ppfl-ncd.data_prep: Saved 40000 train, 10000 test samples to data/processed
2026-02-19 19:54:50,793 [INFO] ppfl-ncd.data_prep: Features: ['age', 'sex', 'bmi', 'race_ethnicity', 'smoking_status', 'alcohol_consumption', 'physical_activity', 'blood_pressure_systolic', 'blood_pressure_diastolic', 'cholesterol_total', 'cholesterol_hdl', 'blood_glucose', 'has_kidney_disease', 'has_stroke_history', 'has_arthritis']
2026-02-19 19:54:50,794 [INFO] ppfl-ncd.data_prep: Targets: ['diabetes', 'hypertension', 'cardiovascular_disease']
2026-02-19 19:54:50,794 [INFO] ppfl-ncd.data_prep:   diabetes train prevalence: 38.7%
2026-02-19 19:54:50,795 [INFO] ppfl-ncd.data_prep:   diabetes test prevalence:  38.3%
2026-02-19 19:54:50,796 [INFO] ppfl-ncd.data_prep:   hypertension train prevalence: 80.2%
2026-02-19 19:54:50,796 [INFO] ppfl-ncd.data_prep:   hypertension test prevalence:  80.4%
2026-02-19 19:54:50,797 [INFO] ppfl-ncd.data_prep:   cardiovascular_disease train prevalence: 26.9%
2026-02-19 19:54:50,797 [INFO] ppfl-ncd.data_prep:   cardiovascular_disease test prevalence:  26.5%
2026-02-19 19:54:50,808 [INFO] ppfl-ncd.centralized: Training samples: 40000
2026-02-19 19:54:50,808 [INFO] ppfl-ncd.centralized: Test samples:     10000
2026-02-19 19:54:50,808 [INFO] ppfl-ncd.centralized: Input dimension:  15
2026-02-19 19:55:08,818 [INFO] ppfl-ncd.centralized: Epoch   5/20 | Loss=0.9418 | AUC: D=0.9235 H=0.9329 C=0.9435 Macro=0.9333
2026-02-19 19:55:24,516 [INFO] ppfl-ncd.centralized: Epoch  10/20 | Loss=0.9269 | AUC: D=0.9227 H=0.9327 C=0.9439 Macro=0.9331
2026-02-19 19:55:40,883 [INFO] ppfl-ncd.centralized: Epoch  15/20 | Loss=0.9214 | AUC: D=0.9229 H=0.9329 C=0.9443 Macro=0.9334
2026-02-19 19:55:51,407 [INFO] ppfl-ncd.centralized: Epoch  20/20 | Loss=0.9162 | AUC: D=0.9227 H=0.9320 C=0.9447 Macro=0.9331
2026-02-19 19:55:51,419 [INFO] ppfl-ncd.centralized: 
=== CENTRALIZED BASELINE RESULTS ===
2026-02-19 19:55:51,420 [INFO] ppfl-ncd.centralized:   diabetes: AUC=0.9227 F1=0.7904 Acc=0.8421
2026-02-19 19:55:51,420 [INFO] ppfl-ncd.centralized:   hypertension: AUC=0.9320 F1=0.9307 Acc=0.8869
2026-02-19 19:55:51,420 [INFO] ppfl-ncd.centralized:   cardiovascular_disease: AUC=0.9447 F1=0.7668 Acc=0.8829
2026-02-19 19:55:51,420 [INFO] ppfl-ncd.centralized:   Macro Avg: AUC=0.9331
